Log file open, 02/06/18 12:23:42
LogWindows: Failed to load 'aqProf.dll' (GetLastError=126)
LogWindows: File 'aqProf.dll' does not exist
LogWindows: Failed to load 'VSPerf140.dll' (GetLastError=126)
LogWindows: File 'VSPerf140.dll' does not exist
LogWindows: Failed to load 'VtuneApi.dll' (GetLastError=126)
LogWindows: File 'VtuneApi.dll' does not exist
LogWindows: Failed to load 'VtuneApi32e.dll' (GetLastError=126)
LogWindows: File 'VtuneApi32e.dll' does not exist
LogInit: Display: Running engine for game: Prison_Run
LogPlatformFile: Not using cached read wrapper
LogInit: Display: RandInit(-1349688317) SRandInit(-1349688316).
LogInit: Read version file with build ID '3709383'
LogInit: Overriding engine version to CL 3794801, compatible CL 3709383
LogInit: Registered custom module enumerator with build ID '3709383'
LogTaskGraph: Started task graph with 5 named threads and 8 total threads with 3 sets of task threads.
LogStats: Stats thread started at 5.673180
LogD3D11RHI: Aftermath initialized
LogModuleManager: Display: Found up-to-date module file ../../../Engine/Plugins/2D/Paper2D/Binaries/Win64/UE4Editor-Paper2D.dll (API version 3709383).
LogModuleManager: Display: Found up-to-date module file ../../../Engine/Plugins/2D/Paper2D/Binaries/Win64/UE4Editor-Paper2DEditor.dll (API version 3709383).
LogModuleManager: Display: Found up-to-date module file ../../../Engine/Plugins/2D/Paper2D/Binaries/Win64/UE4Editor-PaperSpriteSheetImporter.dll (API version 3709383).
LogModuleManager: Display: Found up-to-date module file ../../../Engine/Plugins/2D/Paper2D/Binaries/Win64/UE4Editor-PaperTiledImporter.dll (API version 3709383).
LogModuleManager: Display: Found up-to-date module file ../../../Engine/Plugins/2D/Paper2D/Binaries/Win64/UE4Editor-SmartSnapping.dll (API version 3709383).
LogModuleManager: Display: Found up-to-date module file ../../../Engine/Plugins/Blendables/LightPropagationVolume/Binaries/Win64/UE4Editor-LightPropagationVolumeRuntime.dll (API version 3709383).
LogModuleManager: Display: Found up-to-date module file ../../../Engine/Plugins/Blendables/LightPropagationVolume/Binaries/Win64/UE4Editor-LightPropagationVolumeEditor.dll (API version 3709383).
LogModuleManager: Display: Found up-to-date module file ../../../Engine/Plugins/Developer/GitSourceControl/Binaries/Win64/UE4Editor-GitSourceControl.dll (API version 3709383).
LogModuleManager: Display: Found up-to-date module file ../../../Engine/Plugins/Developer/PerforceSourceControl/Binaries/Win64/UE4Editor-PerforceSourceControl.dll (API version 3709383).
LogModuleManager: Display: Found up-to-date module file ../../../Engine/Plugins/Developer/SubversionSourceControl/Binaries/Win64/UE4Editor-SubversionSourceControl.dll (API version 3709383).
LogModuleManager: Display: Found up-to-date module file ../../../Engine/Plugins/Developer/UObjectPlugin/Binaries/Win64/UE4Editor-UObjectPlugin.dll (API version 3709383).
LogModuleManager: Display: Found up-to-date module file ../../../Engine/Plugins/Developer/VisualStudioCodeSourceCodeAccess/Binaries/Win64/UE4Editor-VisualStudioCodeSourceCodeAccess.dll (API version 3709383).
LogModuleManager: Display: Found up-to-date module file ../../../Engine/Plugins/Developer/VisualStudioSourceCodeAccess/Binaries/Win64/UE4Editor-VisualStudioSourceCodeAccess.dll (API version 3709383).
LogModuleManager: Display: Found up-to-date module file ../../../Engine/Plugins/Editor/AssetManagerEditor/Binaries/Win64/UE4Editor-AssetManagerEditor.dll (API version 3709383).
LogModuleManager: Display: Found up-to-date module file ../../../Engine/Plugins/Editor/AudioCapture/Binaries/Win64/UE4Editor-AudioCapture.dll (API version 3709383).
LogModuleManager: Display: Found up-to-date module file ../../../Engine/Plugins/Editor/FacialAnimation/Binaries/Win64/UE4Editor-FacialAnimation.dll (API version 3709383).
LogModuleManager: Display: Found up-to-date module file ../../../Engine/Plugins/Editor/FacialAnimation/Binaries/Win64/UE4Editor-FacialAnimationEditor.dll (API version 3709383).
LogModuleManager: Display: Found up-to-date module file ../../../Engine/Plugins/Editor/GameplayTagsEditor/Binaries/Win64/UE4Editor-GameplayTagsEditor.dll (API version 3709383).
LogModuleManager: Display: Found up-to-date module file ../../../Engine/Plugins/Editor/MobileLauncherProfileWizard/Binaries/Win64/UE4Editor-MobileLauncherProfileWizard.dll (API version 3709383).
LogModuleManager: Display: Found up-to-date module file ../../../Engine/Plugins/Editor/PluginBrowser/Binaries/Win64/UE4Editor-PluginBrowser.dll (API version 3709383).
LogModuleManager: Display: Found up-to-date module file ../../../Engine/Plugins/Editor/SpeedTreeImporter/Binaries/Win64/UE4Editor-SpeedTreeImporter.dll (API version 3709383).
LogModuleManager: Display: Found up-to-date module file ../../../Engine/Plugins/Experimental/AlembicImporter/Binaries/Win64/UE4Editor-AlembicImporter.dll (API version 3709383).
LogModuleManager: Display: Found up-to-date module file ../../../Engine/Plugins/Experimental/AlembicImporter/Binaries/Win64/UE4Editor-AlembicLibrary.dll (API version 3709383).
LogModuleManager: Display: Found up-to-date module file ../../../Engine/Plugins/Experimental/CharacterAI/Binaries/Win64/UE4Editor-CharacterAI.dll (API version 3709383).
LogModuleManager: Display: Found up-to-date module file ../../../Engine/Plugins/Experimental/HTML5Networking/Binaries/Win64/UE4Editor-HTML5Networking.dll (API version 3709383).
LogModuleManager: Display: Found up-to-date module file ../../../Engine/Plugins/Media/AndroidMedia/Binaries/Win64/UE4Editor-AndroidMediaEditor.dll (API version 3709383).
LogModuleManager: Display: Found up-to-date module file ../../../Engine/Plugins/Media/AndroidMedia/Binaries/Win64/UE4Editor-AndroidMediaFactory.dll (API version 3709383).
LogModuleManager: Display: Found up-to-date module file ../../../Engine/Plugins/Media/AvfMedia/Binaries/Win64/UE4Editor-AvfMediaEditor.dll (API version 3709383).
LogModuleManager: Display: Found up-to-date module file ../../../Engine/Plugins/Media/AvfMedia/Binaries/Win64/UE4Editor-AvfMediaFactory.dll (API version 3709383).
LogModuleManager: Display: Found up-to-date module file ../../../Engine/Plugins/Media/AvfMedia/Binaries/Win64/UE4Editor-AvfMediaFactory.dll (API version 3709383).
LogModuleManager: Display: Found up-to-date module file ../../../Engine/Plugins/Media/ImgMedia/Binaries/Win64/UE4Editor-ImgMedia.dll (API version 3709383).
LogModuleManager: Display: Found up-to-date module file ../../../Engine/Plugins/Media/ImgMedia/Binaries/Win64/UE4Editor-ImgMediaEditor.dll (API version 3709383).
LogModuleManager: Display: Found up-to-date module file ../../../Engine/Plugins/Media/ImgMedia/Binaries/Win64/UE4Editor-ImgMediaFactory.dll (API version 3709383).
LogModuleManager: Display: Found up-to-date module file ../../../Engine/Plugins/Media/ImgMedia/Binaries/Win64/UE4Editor-ImgMediaFactory.dll (API version 3709383).
LogModuleManager: Display: Found up-to-date module file ../../../Engine/Plugins/Media/ImgMedia/Binaries/Win64/UE4Editor-OpenExrWrapper.dll (API version 3709383).
LogModuleManager: Display: Found up-to-date module file ../../../Engine/Plugins/Media/MediaCompositing/Binaries/Win64/UE4Editor-MediaCompositing.dll (API version 3709383).
LogModuleManager: Display: Found up-to-date module file ../../../Engine/Plugins/Media/MediaCompositing/Binaries/Win64/UE4Editor-MediaCompositingEditor.dll (API version 3709383).
LogModuleManager: Display: Found up-to-date module file ../../../Engine/Plugins/Media/MediaPlayerEditor/Binaries/Win64/UE4Editor-MediaPlayerEditor.dll (API version 3709383).
LogModuleManager: Display: Found up-to-date module file ../../../Engine/Plugins/Media/WmfMedia/Binaries/Win64/UE4Editor-WmfMedia.dll (API version 3709383).
LogModuleManager: Display: Found up-to-date module file ../../../Engine/Plugins/Media/WmfMedia/Binaries/Win64/UE4Editor-WmfMediaEditor.dll (API version 3709383).
LogModuleManager: Display: Found up-to-date module file ../../../Engine/Plugins/Media/WmfMedia/Binaries/Win64/UE4Editor-WmfMediaFactory.dll (API version 3709383).
LogModuleManager: Display: Found up-to-date module file ../../../Engine/Plugins/Media/WmfMedia/Binaries/Win64/UE4Editor-WmfMediaFactory.dll (API version 3709383).
LogModuleManager: Display: Found up-to-date module file ../../../Engine/Plugins/Messaging/TcpMessaging/Binaries/Win64/UE4Editor-TcpMessaging.dll (API version 3709383).
LogModuleManager: Display: Found up-to-date module file ../../../Engine/Plugins/Messaging/UdpMessaging/Binaries/Win64/UE4Editor-UdpMessaging.dll (API version 3709383).
LogModuleManager: Display: Found up-to-date module file ../../../Engine/Plugins/MovieScene/ActorSequence/Binaries/Win64/UE4Editor-ActorSequence.dll (API version 3709383).
LogModuleManager: Display: Found up-to-date module file ../../../Engine/Plugins/MovieScene/LevelSequenceEditor/Binaries/Win64/UE4Editor-LevelSequenceEditor.dll (API version 3709383).
LogModuleManager: Display: Found up-to-date module file ../../../Engine/Plugins/MovieScene/MatineeToLevelSequence/Binaries/Win64/UE4Editor-MatineeToLevelSequence.dll (API version 3709383).
LogModuleManager: Display: Found up-to-date module file ../../../Engine/Plugins/Online/OnlineSubsystem/Binaries/Win64/UE4Editor-OnlineSubsystem.dll (API version 3709383).
LogModuleManager: Display: Found up-to-date module file ../../../Engine/Plugins/Runtime/AndroidPermission/Binaries/Win64/UE4Editor-AndroidPermission.dll (API version 3709383).
LogModuleManager: Display: Found up-to-date module file ../../../Engine/Plugins/Online/OnlineSubsystemNull/Binaries/Win64/UE4Editor-OnlineSubsystemNull.dll (API version 3709383).
LogModuleManager: Display: Found up-to-date module file ../../../Engine/Plugins/Online/OnlineSubsystemUtils/Binaries/Win64/UE4Editor-OnlineSubsystemUtils.dll (API version 3709383).
LogModuleManager: Display: Found up-to-date module file ../../../Engine/Plugins/Online/OnlineSubsystemUtils/Binaries/Win64/UE4Editor-OnlineBlueprintSupport.dll (API version 3709383).
LogModuleManager: Display: Found up-to-date module file ../../../Engine/Plugins/Runtime/AndroidDeviceProfileSelector/Binaries/Win64/UE4Editor-AndroidDeviceProfileSelector.dll (API version 3709383).
LogModuleManager: Display: Found up-to-date module file ../../../Engine/Plugins/Runtime/AppleARKit/Binaries/Win64/UE4Editor-AppleARKit.dll (API version 3709383).
LogModuleManager: Display: Found up-to-date module file ../../../Engine/Plugins/Runtime/ArchVisCharacter/Binaries/Win64/UE4Editor-ArchVisCharacter.dll (API version 3709383).
LogModuleManager: Display: Found up-to-date module file ../../../Engine/Plugins/Runtime/CableComponent/Binaries/Win64/UE4Editor-CableComponent.dll (API version 3709383).
LogModuleManager: Display: Found up-to-date module file ../../../Engine/Plugins/Runtime/CustomMeshComponent/Binaries/Win64/UE4Editor-CustomMeshComponent.dll (API version 3709383).
LogModuleManager: Display: Found up-to-date module file ../../../Engine/Plugins/Runtime/ExampleDeviceProfileSelector/Binaries/Win64/UE4Editor-ExampleDeviceProfileSelector.dll (API version 3709383).
LogModuleManager: Display: Found up-to-date module file ../../../Engine/Plugins/Runtime/ImmediatePhysics/Binaries/Win64/UE4Editor-ImmediatePhysics.dll (API version 3709383).
LogModuleManager: Display: Found up-to-date module file ../../../Engine/Plugins/Runtime/ImmediatePhysics/Binaries/Win64/UE4Editor-ImmediatePhysicsEditor.dll (API version 3709383).
LogModuleManager: Display: Found up-to-date module file ../../../Engine/Plugins/Runtime/LocationServicesBPLibrary/Binaries/Win64/UE4Editor-LocationServicesBPLibrary.dll (API version 3709383).
LogModuleManager: Display: Found up-to-date module file ../../../Engine/Plugins/Runtime/MobilePatchingUtils/Binaries/Win64/UE4Editor-MobilePatchingUtils.dll (API version 3709383).
LogModuleManager: Display: Found up-to-date module file ../../../Engine/Plugins/Runtime/Oculus/OculusVR/Binaries/Win64/UE4Editor-OculusHMD.dll (API version 3709383).
LogModuleManager: Display: Found up-to-date module file ../../../Engine/Plugins/Runtime/Oculus/OculusVR/Binaries/Win64/UE4Editor-OculusInput.dll (API version 3709383).
LogModuleManager: Display: Found up-to-date module file ../../../Engine/Plugins/Runtime/Oculus/OculusVR/Binaries/Win64/UE4Editor-OculusEditor.dll (API version 3709383).
LogModuleManager: Display: Found up-to-date module file ../../../Engine/Plugins/Runtime/PhysXVehicles/Binaries/Win64/UE4Editor-PhysXVehicles.dll (API version 3709383).
LogModuleManager: Display: Found up-to-date module file ../../../Engine/Plugins/Runtime/PhysXVehicles/Binaries/Win64/UE4Editor-PhysXVehiclesEditor.dll (API version 3709383).
LogModuleManager: Display: Found up-to-date module file ../../../Engine/Plugins/Runtime/ProceduralMeshComponent/Binaries/Win64/UE4Editor-ProceduralMeshComponent.dll (API version 3709383).
LogModuleManager: Display: Found up-to-date module file ../../../Engine/Plugins/Runtime/ProceduralMeshComponent/Binaries/Win64/UE4Editor-ProceduralMeshComponentEditor.dll (API version 3709383).
LogModuleManager: Display: Found up-to-date module file ../../../Engine/Plugins/Runtime/RuntimePhysXCooking/Binaries/Win64/UE4Editor-RuntimePhysXCooking.dll (API version 3709383).
LogModuleManager: Display: Found up-to-date module file ../../../Engine/Plugins/Runtime/Steam/SteamVR/Binaries/Win64/UE4Editor-SteamVR.dll (API version 3709383).
LogModuleManager: Display: Found up-to-date module file ../../../Engine/Plugins/Runtime/Steam/SteamVR/Binaries/Win64/UE4Editor-SteamVRController.dll (API version 3709383).
LogModuleManager: Display: Found up-to-date module file ../../../Engine/Plugins/Runtime/WindowsMoviePlayer/Binaries/Win64/UE4Editor-WindowsMoviePlayer.dll (API version 3709383).
LogPluginManager: Mounting plugin Paper2D
LogPluginManager: Mounting plugin LightPropagationVolume
LogPluginManager: Mounting plugin CodeLiteSourceCodeAccess
LogPluginManager: Mounting plugin GitSourceControl
LogPluginManager: Mounting plugin KDevelopSourceCodeAccess
LogPluginManager: Mounting plugin NullSourceCodeAccess
LogPluginManager: Mounting plugin PerforceSourceControl
LogPluginManager: Mounting plugin SubversionSourceControl
LogPluginManager: Mounting plugin UObjectPlugin
LogPluginManager: Mounting plugin VisualStudioCodeSourceCodeAccess
LogPluginManager: Mounting plugin VisualStudioSourceCodeAccess
LogPluginManager: Mounting plugin XCodeSourceCodeAccess
LogPluginManager: Mounting plugin AssetManagerEditor
LogPluginManager: Mounting plugin AudioCapture
LogPluginManager: Mounting plugin FacialAnimation
LogPluginManager: Mounting plugin GameplayTagsEditor
LogPluginManager: Mounting plugin MobileLauncherProfileWizard
LogPluginManager: Mounting plugin PluginBrowser
LogPluginManager: Mounting plugin SpeedTreeImporter
LogPluginManager: Mounting plugin AlembicImporter
LogPluginManager: Mounting plugin CharacterAI
LogPluginManager: Mounting plugin HTML5Networking
LogPluginManager: Mounting plugin AndroidMedia
LogPluginManager: Mounting plugin AvfMedia
LogPluginManager: Mounting plugin ImgMedia
LogPluginManager: Mounting plugin MediaCompositing
LogPluginManager: Mounting plugin MediaPlayerEditor
LogPluginManager: Mounting plugin WmfMedia
LogPluginManager: Mounting plugin TcpMessaging
LogPluginManager: Mounting plugin UdpMessaging
LogPluginManager: Mounting plugin ActorSequence
LogPluginManager: Mounting plugin LevelSequenceEditor
LogPluginManager: Mounting plugin MatineeToLevelSequence
LogPluginManager: Mounting plugin OnlineSubsystemGooglePlay
LogPluginManager: Mounting plugin OnlineSubsystemIOS
LogPluginManager: Mounting plugin OnlineSubsystem
LogPluginManager: Mounting plugin OnlineSubsystemNull
LogPluginManager: Mounting plugin OnlineSubsystemUtils
LogPluginManager: Mounting plugin AndroidDeviceProfileSelector
LogPluginManager: Mounting plugin AndroidMoviePlayer
LogPluginManager: Mounting plugin AndroidPermission
LogPluginManager: Mounting plugin AppleARKit
LogPluginManager: Mounting plugin AppleMoviePlayer
LogPluginManager: Mounting plugin ArchVisCharacter
LogPluginManager: Mounting plugin CableComponent
LogPluginManager: Mounting plugin CustomMeshComponent
LogPluginManager: Mounting plugin ExampleDeviceProfileSelector
LogPluginManager: Mounting plugin GoogleCloudMessaging
LogPluginManager: Mounting plugin ImmediatePhysics
LogPluginManager: Mounting plugin IOSDeviceProfileSelector
LogPluginManager: Mounting plugin LinuxDeviceProfileSelector
LogPluginManager: Mounting plugin LocationServicesBPLibrary
LogPluginManager: Mounting plugin MobilePatchingUtils
LogPluginManager: Mounting plugin OculusVR
LogPluginManager: Plugin shader directory ../../../Engine/Plugins/Runtime/Oculus/OculusVR/Shaders found
LogPluginManager: Mapping shader source directory ../../../Engine/Plugins/Runtime/Oculus/OculusVR/Shaders to virtual directory /Plugin/OculusVR
LogPluginManager: Mounting plugin PhysXVehicles
LogPluginManager: Mounting plugin ProceduralMeshComponent
LogPluginManager: Mounting plugin RuntimePhysXCooking
LogPluginManager: Mounting plugin SteamVR
LogPluginManager: Mounting plugin WindowsMoviePlayer
LogInit: Using libcurl 7.47.1
LogInit:  - built for x86_64-pc-win32
LogInit:  - supports SSL with OpenSSL/1.0.2g
LogInit:  - supports HTTP deflate (compression) using libz 1.2.8
LogInit:  - other features:
LogInit:      CURL_VERSION_SSL
LogInit:      CURL_VERSION_LIBZ
LogInit:      CURL_VERSION_IPV6
LogInit:      CURL_VERSION_ASYNCHDNS
LogInit:      CURL_VERSION_LARGEFILE
LogInit:      CURL_VERSION_IDN
LogInit:  CurlRequestOptions (configurable via config and command line):
LogInit:  - bVerifyPeer = false  - Libcurl will NOT verify peer certificate
LogInit:  - bUseHttpProxy = false  - Libcurl will NOT use HTTP proxy
LogInit:  - bDontReuseConnections = false  - Libcurl will reuse connections
LogInit:  - CertBundlePath = nullptr  - Libcurl will use whatever was configured at build time.
LogInit: Build: ++UE4+Release-4.18-CL-3794801
LogInit: Engine Version: 4.18.2-3794801+++UE4+Release-4.18
LogInit: Compatible Engine Version: 4.18.0-3709383+++UE4+Release-4.18
LogInit: Net CL: 3709383
LogDevObjectVersion: Number of dev versions registered: 16
LogDevObjectVersion:   Dev-Blueprints (B0D832E4-1F89-4F0D-ACCF-7EB736FD4AA2): 10
LogDevObjectVersion:   Dev-Build (E1C64328-A22C-4D53-A36C-8E866417BD8C): 0
LogDevObjectVersion:   Dev-Core (375EC13C-06E4-48FB-B500-84F0262A717E): 2
LogDevObjectVersion:   Dev-Editor (E4B068ED-F494-42E9-A231-DA0B2E46BB41): 20
LogDevObjectVersion:   Dev-Framework (CFFC743F-43B0-4480-9391-14DF171D2073): 30
LogDevObjectVersion:   Dev-Mobile (B02B49B5-BB20-44E9-A304-32B752E40360): 0
LogDevObjectVersion:   Dev-Networking (A4E4105C-59A1-49B5-A7C5-40C4547EDFEE): 0
LogDevObjectVersion:   Dev-Online (39C831C9-5AE6-47DC-9A44-9C173E1C8E7C): 0
LogDevObjectVersion:   Dev-Physics (78F01B33-EBEA-4F98-B9B4-84EACCB95AA2): 0
LogDevObjectVersion:   Dev-Platform (6631380F-2D4D-43E0-8009-CF276956A95A): 0
LogDevObjectVersion:   Dev-Rendering (12F88B9F-8875-4AFC-A67C-D90C383ABD29): 20
LogDevObjectVersion:   Dev-Sequencer (7B5AE74C-D270-4C10-A958-57980B212A5A): 4
LogDevObjectVersion:   Dev-VR (D7296918-1DD6-4BDD-9DE2-64A83CC13884): 0
LogDevObjectVersion:   Dev-LoadTimes (C2A15278-BFE7-4AFE-6C17-90FF531DF755): 1
LogDevObjectVersion:   Private-Geometry (6EACA3D4-40EC-4CC1-B786-8BED09428FC5): 1
LogDevObjectVersion:   Dev-AnimPhys (29E575DD-E0A3-4627-9D10-D276232CDCEA): 12
LogInit: Compiled (64-bit): Dec  8 2017 02:04:53
LogInit: Compiled with Visual C++: 19.00.24215.01
LogInit: Build Configuration: Development
LogInit: Branch Name: ++UE4+Release-4.18
LogInit: Command line:  
LogInit: Base directory: C:/Program Files/Epic Games/UE_4.18/Engine/Binaries/Win64/
LogInit: Installed Engine Build: 1
LogInit: Presizing for max 8388607 objects, including 0 objects not considered by GC, pre-allocating 0 bytes for permanent pool.
LogInit: Object subsystem initialized
[2018.02.06-04.23.51:499][  0]LogInit: Selected Device Profile: [Windows]
[2018.02.06-04.23.51:499][  0]LogInit: Applying CVar settings loaded from the selected device profile: [Windows]
[2018.02.06-04.23.51:592][  0]LogInit: Computer: LAPTOP-GPAVPVCT
[2018.02.06-04.23.51:592][  0]LogInit: User: RaymondLee
[2018.02.06-04.23.51:592][  0]LogInit: CPU Page size=4096, Cores=2
[2018.02.06-04.23.51:592][  0]LogInit: High frequency timer resolution =2.143475 MHz
[2018.02.06-04.23.51:592][  0]LogMemory: Memory total: Physical=7.9GB (8GB approx)
[2018.02.06-04.23.51:592][  0]LogMemory: Platform Memory Stats for Windows
[2018.02.06-04.23.51:593][  0]LogMemory: Process Physical Memory: 272.11 MB used, 272.11 MB peak
[2018.02.06-04.23.51:593][  0]LogMemory: Process Virtual Memory: 269.39 MB used, 269.39 MB peak
[2018.02.06-04.23.51:593][  0]LogMemory: Physical Memory: 4120.75 MB used,  3983.51 MB free, 8104.25 MB total
[2018.02.06-04.23.51:593][  0]LogMemory: Virtual Memory: 678.06 MB used,  3983.51 MB free, 134217728.00 MB total
[2018.02.06-04.23.53:532][  0]LogInit: Using OS detected language (en-US).
[2018.02.06-04.23.53:532][  0]LogInit: Using OS detected locale (en-US).
[2018.02.06-04.23.53:900][  0]LogTextLocalizationManager: No specific localization for 'en-US' exists, so the 'en' localization will be used.
[2018.02.06-04.23.55:273][  0]LogInit: Setting process to per monitor DPI aware
[2018.02.06-04.24.00:583][  0]LogD3D11RHI: D3D11 adapters:
[2018.02.06-04.24.00:699][  0]LogD3D11RHI:    0. 'NVIDIA GeForce 920M' (Feature Level 11_0)
[2018.02.06-04.24.00:700][  0]LogD3D11RHI:       997/0/4052 MB DedicatedVideo/DedicatedSystem/SharedSystem, Outputs:1, VendorId:0x10de
[2018.02.06-04.24.00:715][  0]LogD3D11RHI:    1. 'Intel(R) HD Graphics 5500' (Feature Level 11_0)
[2018.02.06-04.24.00:715][  0]LogD3D11RHI:       128/0/4052 MB DedicatedVideo/DedicatedSystem/SharedSystem, Outputs:0, VendorId:0x8086
[2018.02.06-04.24.00:722][  0]LogD3D11RHI:    2. 'Microsoft Basic Render Driver' (Feature Level 11_0)
[2018.02.06-04.24.00:722][  0]LogD3D11RHI:       0/0/4052 MB DedicatedVideo/DedicatedSystem/SharedSystem, Outputs:0, VendorId:0x1414
[2018.02.06-04.24.00:722][  0]LogD3D11RHI: Chosen D3D11 Adapter: 0
[2018.02.06-04.24.00:730][  0]LogD3D11RHI: Creating new Direct3DDevice
[2018.02.06-04.24.00:730][  0]LogD3D11RHI:     GPU DeviceId: 0x1299 (for the marketing name, search the web for "GPU Device Id")
[2018.02.06-04.24.00:730][  0]LogWindows: EnumDisplayDevices:
[2018.02.06-04.24.00:731][  0]LogWindows:    0. 'Intel(R) HD Graphics 5500' (P:1 D:1)
[2018.02.06-04.24.00:731][  0]LogWindows:    1. 'Intel(R) HD Graphics 5500' (P:0 D:0)
[2018.02.06-04.24.00:731][  0]LogWindows:    2. 'Intel(R) HD Graphics 5500' (P:0 D:0)
[2018.02.06-04.24.00:732][  0]LogWindows: DebugString: GetVideoDriverDetailsInvalid PrimaryIsNotTheChoosenAdapter GetVideoDriverDetailsInvalid PrimaryIsNotTheChoosenAdapter GetVideoDriverDetailsInvalid PrimaryIsNotTheChoosenAdapter FoundDriverCount:0 
[2018.02.06-04.24.00:732][  0]LogD3D11RHI:     Adapter Name: NVIDIA GeForce 920M
[2018.02.06-04.24.00:732][  0]LogD3D11RHI:   Driver Version: Unknown (internal:Unknown, unified:Unknown)
[2018.02.06-04.24.00:732][  0]LogD3D11RHI:      Driver Date: Unknown
[2018.02.06-04.24.00:732][  0]LogRHI: Texture pool is 698 MB (70% of 997 MB)
[2018.02.06-04.24.00:840][  0]LogD3D11RHI: Async texture creation enabled
[2018.02.06-04.24.01:141][  0]LogD3D11RHI: GPU Timing Frequency: 1000.000000 (Debug: 2 3)
[2018.02.06-04.24.01:196][  0]LogShaderCompilers: Guid format shader working directory is -66 characters bigger than the processId version (../../../../../../Users/Raymond Lee/Desktop/New Game/GitKraken Clone PrisonRun/PrisonRunRepo/PrisonRunRepo/Prison_Run/Intermediate/Shaders/WorkingDirectory/12036/).
[2018.02.06-04.24.01:196][  0]LogShaderCompilers: Cleaned the shader compiler working directory 'C:/Users/Raymond Lee/AppData/Local/Temp/UnrealShaderWorkingDir/E025B89744EF0FCF12B8B8978F5DB9AE/'.
[2018.02.06-04.24.01:213][  0]LogShaderCompilers: Display: Using Local Shader Compiler.
[2018.02.06-04.24.10:097][  0]LogTemp: Display: Loaded TP AllDesktopTargetPlatform
[2018.02.06-04.24.10:274][  0]LogTemp: Display: Loaded TP MacClientTargetPlatform
[2018.02.06-04.24.10:448][  0]LogTemp: Display: Loaded TP MacNoEditorTargetPlatform
[2018.02.06-04.24.10:634][  0]LogTemp: Display: Loaded TP MacServerTargetPlatform
[2018.02.06-04.24.10:849][  0]LogTemp: Display: Loaded TP MacTargetPlatform
[2018.02.06-04.24.11:026][  0]LogTemp: Display: Loaded TP WindowsClientTargetPlatform
[2018.02.06-04.24.11:293][  0]LogTemp: Display: Loaded TP WindowsNoEditorTargetPlatform
[2018.02.06-04.24.11:486][  0]LogTemp: Display: Loaded TP WindowsServerTargetPlatform
[2018.02.06-04.24.11:643][  0]LogTemp: Display: Loaded TP WindowsTargetPlatform
[2018.02.06-04.24.11:823][  0]LogTemp: Display: Loaded TP Android_ASTCTargetPlatform
[2018.02.06-04.24.12:001][  0]LogTemp: Display: Loaded TP Android_ATCTargetPlatform
[2018.02.06-04.24.12:197][  0]LogTemp: Display: Loaded TP Android_DXTTargetPlatform
[2018.02.06-04.24.12:363][  0]LogTemp: Display: Loaded TP Android_ETC1TargetPlatform
[2018.02.06-04.24.12:565][  0]LogTemp: Display: Loaded TP Android_ETC2TargetPlatform
[2018.02.06-04.24.12:959][  0]LogTemp: Display: Loaded TP Android_MultiTargetPlatform
[2018.02.06-04.24.12:959][  0]LogTemp: Display: Loaded TP Android_PVRTCTargetPlatform
[2018.02.06-04.24.13:147][  0]LogTemp: Display: Loaded TP AndroidTargetPlatform
[2018.02.06-04.24.13:310][  0]LogTemp: Display: Loaded TP HTML5TargetPlatform
[2018.02.06-04.24.13:658][  0]LogTemp: Display: Loaded TP IOSTargetPlatform
[2018.02.06-04.24.13:729][  0]LogTemp: Display: Loaded TP TVOSTargetPlatform
[2018.02.06-04.24.13:917][  0]LogTemp: Display: Loaded TP LinuxClientTargetPlatform
[2018.02.06-04.24.14:129][  0]LogTemp: Display: Loaded TP LinuxNoEditorTargetPlatform
[2018.02.06-04.24.14:319][  0]LogTemp: Display: Loaded TP LinuxServerTargetPlatform
[2018.02.06-04.24.14:517][  0]LogTemp: Display: Loaded TP LinuxTargetPlatform
[2018.02.06-04.24.14:517][  0]LogTargetPlatformManager: Display: Building Assets For Windows
[2018.02.06-04.24.17:451][  0]LogDerivedDataCache: Display: Max Cache Size: 512 MB
[2018.02.06-04.24.18:324][  0]LogDerivedDataCache: Loaded boot cache 0.85s 72MB C:/Users/Raymond Lee/AppData/Local/UnrealEngine/4.18/DerivedDataCache/Boot.ddc.
[2018.02.06-04.24.18:324][  0]LogDerivedDataCache: Display: Loaded Boot cache: C:/Users/Raymond Lee/AppData/Local/UnrealEngine/4.18/DerivedDataCache/Boot.ddc
[2018.02.06-04.24.18:324][  0]LogDerivedDataCache: FDerivedDataBackendGraph:  Pak pak cache file ../../../../../../Users/Raymond Lee/Desktop/New Game/GitKraken Clone PrisonRun/PrisonRunRepo/PrisonRunRepo/Prison_Run/DerivedDataCache/DDC.ddp not found, will not use a pak cache.
[2018.02.06-04.24.18:324][  0]LogDerivedDataCache: Unable to find inner node Pak for hierarchical cache Hierarchy.
[2018.02.06-04.24.18:324][  0]LogDerivedDataCache: FDerivedDataBackendGraph:  CompressedPak pak cache file ../../../../../../Users/Raymond Lee/Desktop/New Game/GitKraken Clone PrisonRun/PrisonRunRepo/PrisonRunRepo/Prison_Run/DerivedDataCache/Compressed.ddp not found, will not use a pak cache.
[2018.02.06-04.24.18:324][  0]LogDerivedDataCache: Unable to find inner node CompressedPak for hierarchical cache Hierarchy.
[2018.02.06-04.24.18:464][  0]LogDerivedDataCache: Display: Pak cache opened for reading ../../../Engine/DerivedDataCache/Compressed.ddp.
[2018.02.06-04.24.18:495][  0]LogDerivedDataCache: Using Local data cache path C:/Users/Raymond Lee/AppData/Local/UnrealEngine/Common/DerivedDataCache: Writable
[2018.02.06-04.24.18:552][  0]LogMaterial: Verifying Global Shaders for PCD3D_SM5
[2018.02.06-04.24.18:575][  0]LogSlate: Using Freetype 2.6.0
[2018.02.06-04.24.18:676][  0]LogSlate: SlateFontCache - WITH_FREETYPE: 1, WITH_HARFBUZZ: 1
[2018.02.06-04.24.18:676][  0]LogSlate: SlateFontCache - WITH_FREETYPE: 1, WITH_HARFBUZZ: 1
[2018.02.06-04.24.28:784][  0]LogInit: Selected Device Profile: [Windows]
[2018.02.06-04.24.31:165][  0]LogSimplygon: Simplygon DLL not present - disabling.
[2018.02.06-04.24.31:340][  0]LogMeshReduction: Using SimplygonSwarm for distributed automatic mesh merging
[2018.02.06-04.24.31:386][  0]LogMeshReduction: Using QuadricMeshReduction for automatic static mesh reduction
[2018.02.06-04.24.31:386][  0]LogMeshReduction: No automatic skeletal mesh reduction module available
[2018.02.06-04.24.31:386][  0]LogMeshReduction: No automatic mesh merging module available
[2018.02.06-04.24.31:386][  0]LogMeshMerging: No automatic mesh merging module available
[2018.02.06-04.24.31:838][  0]LogNetVersion: Prison_Run , NetCL: 3709383, EngineNetVer: 2, GameNetVer: 0 (Checksum: 181521247)
[2018.02.06-04.24.33:781][  0]LogAssetRegistry: FAssetRegistry took 0.0438 seconds to start up
[2018.02.06-04.24.44:232][  0]LogPackageLocalizationCache: Processed 7 localized package path(s) for 2 prioritized culture(s) in 0.333830 seconds
[2018.02.06-04.24.44:381][  0]LogUObjectArray: 35900 objects as part of root set at end of initial load.
[2018.02.06-04.24.44:381][  0]LogUObjectAllocator: 7372024 out of 0 bytes used by permanent object pool.
[2018.02.06-04.24.44:381][  0]LogUObjectArray: CloseDisregardForGC: 0/0 objects in disregard for GC pool
[2018.02.06-04.24.44:576][  0]LogInit: WinSock: version 1.1 (2.2), MaxSocks=32767, MaxUdp=65467
[2018.02.06-04.25.50:631][  0]LogTcpMessaging: Initializing TcpMessaging bridge
[2018.02.06-04.25.50:804][  0]LogUdpMessaging: Initializing bridge on interface 0.0.0.0:0 to multicast group 230.0.0.1:6666.
[2018.02.06-04.25.54:139][  0]LogMaterial: Uniform references updated for custom material expression Custom.
[2018.02.06-04.25.56:633][  0]SourceControl: Source control is disabled
[2018.02.06-04.25.56:647][  0]SourceControl: Source control is disabled
[2018.02.06-04.25.56:891][  0]SourceControl: Source control is disabled
[2018.02.06-04.25.57:098][  0]SourceControl: Source control is disabled
[2018.02.06-04.26.01:799][  0]LogAndroidPermission: UAndroidPermissionCallbackProxy::GetInstance
[2018.02.06-04.26.02:822][  0]LogOcInput: OculusInput pre-init called
[2018.02.06-04.26.04:526][  0]LogEngine: Initializing Engine...
[2018.02.06-04.26.04:598][  0]LogHMD: Failed to initialize OpenVR with code 110
[2018.02.06-04.26.04:718][  0]LogMaterial: Missing cached shader map for material LevelColorationLitMaterial, compiling. Is special engine material.
[2018.02.06-04.26.06:142][  0]LogMaterial: Missing cached shader map for material LevelColorationUnlitMaterial, compiling. Is special engine material.
[2018.02.06-04.26.06:576][  0]LogMaterial: Missing cached shader map for material MAT_LevelColorationLitLightmapUV, compiling. Is special engine material.
[2018.02.06-04.26.07:772][  0]LogMaterial: Missing cached shader map for material ShadedLevelColorationLitMaterial, compiling. Is special engine material.
[2018.02.06-04.26.08:954][  0]LogMaterial: Missing cached shader map for material ShadedLevelColorationUnlitMateri, compiling. Is special engine material.
[2018.02.06-04.26.09:359][  0]LogMaterial: Missing cached shader map for material VertexColorMaterial, compiling. 
[2018.02.06-04.26.09:581][  0]LogMaterial: Missing cached shader map for material VertexColorViewMode_ColorOnly, compiling. 
[2018.02.06-04.26.09:687][  0]LogMaterial: Missing cached shader map for material VertexColorViewMode_AlphaAsColor, compiling. 
[2018.02.06-04.26.09:718][  0]LogMaterial: Missing cached shader map for material VertexColorViewMode_RedOnly, compiling. 
[2018.02.06-04.26.09:751][  0]LogMaterial: Missing cached shader map for material VertexColorViewMode_GreenOnly, compiling. 
[2018.02.06-04.26.09:831][  0]LogMaterial: Missing cached shader map for material VertexColorViewMode_BlueOnly, compiling. 
[2018.02.06-04.26.09:877][  0]LogMaterial: Missing cached shader map for material RemoveSurfaceMaterial, compiling. 
[2018.02.06-04.26.09:925][  0]LogMaterial: Missing cached shader map for material DebugMeshMaterial, compiling. 
[2018.02.06-04.26.10:037][  0]LogMaterial: Missing cached shader map for material M_InvalidLightmapSettings, compiling. 
[2018.02.06-04.26.10:197][  0]LogMaterial: Missing cached shader map for material GizmoMaterial, compiling. 
[2018.02.06-04.26.10:273][  0]LogMaterial: Missing cached shader map for material PhAT_JointLimitMaterial, compiling. 
[2018.02.06-04.26.10:385][  0]LogMaterial: Missing cached shader map for material GeomMaterial, compiling. 
[2018.02.06-04.26.10:458][  0]LogMaterial: Missing cached shader map for material EditorBrushMaterial, compiling. 
[2018.02.06-04.26.10:555][  0]LogMaterial: Missing cached shader map for material BoneWeightMaterial, compiling. 
[2018.02.06-04.26.10:779][  0]LogMaterial: Missing cached shader map for material ClothMaterial, compiling. 
[2018.02.06-04.26.10:847][  0]LogMaterial: Missing cached shader map for material ClothMaterial_WF, compiling. 
[2018.02.06-04.26.10:920][  0]LogMaterial: Missing cached shader map for material DebugEditorMaterial, compiling. 
[2018.02.06-04.26.10:989][  0]LogMaterial: Missing cached shader map for material PreviewShadowIndicatorMaterial, compiling. 
[2018.02.06-04.26.12:266][  0]LogStats: UGameplayTagsManager::ConstructGameplayTagTree: Construct from data asset -  0.000 s
[2018.02.06-04.26.12:267][  0]LogStats: UGameplayTagsManager::ConstructGameplayTagTree: GameplayTagTreeChangedEvent.Broadcast -  0.000 s
[2018.02.06-04.26.13:773][  0]LogAIModule: Creating AISystem for world Untitled
[2018.02.06-04.26.14:348][  0]LogInit: XAudio2 using 'Speakers (4- USB Audio Device)' : 2 channels at 48 kHz using 16 bits per sample (channel mask 0x3)
[2018.02.06-04.26.14:898][  0]LogInit: FAudioDevice initialized.
[2018.02.06-04.26.15:291][  0]LogDerivedDataCache: Saved boot cache 0.36s 72MB C:/Users/Raymond Lee/AppData/Local/UnrealEngine/4.18/DerivedDataCache/Boot.ddc.
[2018.02.06-04.26.15:355][  0]LogInit: Texture streaming: Enabled
[2018.02.06-04.26.16:117][  0]LogEngineSessionManager: EngineSessionManager initialized
[2018.02.06-04.26.19:804][  0]LogInit: Transaction tracking system initialized
[2018.02.06-04.26.26:538][  0]BlueprintLog: New page: Editor Load
[2018.02.06-04.26.37:223][  0]LocalizationService: Localization service is disabled
[2018.02.06-04.26.43:528][  0]LogConsoleResponse: Display: 
[2018.02.06-04.26.45:879][  0]LogMaterial: Missing cached shader map for material Cross_Mat, compiling. 
[2018.02.06-04.26.45:965][  0]LogMaterial: Missing cached shader map for material PhAT_BoneSelectedMaterial, compiling. 
[2018.02.06-04.26.46:062][  0]LogMaterial: Missing cached shader map for material PhAT_ElemSelectedMaterial, compiling. 
[2018.02.06-04.26.46:150][  0]LogMaterial: Missing cached shader map for material PhAT_NoCollisionMaterial, compiling. 
[2018.02.06-04.26.46:188][  0]LogMaterial: Missing cached shader map for material PhAT_UnselectedMaterial, compiling. 
[2018.02.06-04.26.46:341][  0]LogMaterial: Missing cached shader map for material Tick_Mat, compiling. 
[2018.02.06-04.26.46:462][  0]LogMaterial: Missing cached shader map for material WidgetGridVertexColorMaterial_Ma, compiling. 
[2018.02.06-04.26.46:604][  0]LogMaterial: Missing cached shader map for material WidgetMaterial, compiling. 
[2018.02.06-04.26.46:727][  0]LogMaterial: Missing cached shader map for material WidgetMaterial_Current, compiling. 
[2018.02.06-04.26.46:872][  0]LogMaterial: Missing cached shader map for material WidgetMaterial_X, compiling. 
[2018.02.06-04.26.46:930][  0]LogMaterial: Missing cached shader map for material WidgetMaterial_Y, compiling. 
[2018.02.06-04.26.47:071][  0]LogMaterial: Missing cached shader map for material WidgetMaterial_Z, compiling. 
[2018.02.06-04.26.47:135][  0]LogMaterial: Missing cached shader map for material WidgetVertexColorMaterial, compiling. 
[2018.02.06-04.26.47:474][  0]LogMaterial: Missing cached shader map for material LevelGridMaterial, compiling. 
[2018.02.06-04.26.48:427][  0]LogMaterial: Missing cached shader map for material BlinkingCaret, compiling. 
[2018.02.06-04.26.49:834][  0]LogMaterial: Missing cached shader map for material M_StreamingPause, compiling. 
[2018.02.06-04.26.51:205][  0]LogFileCache: Scanning file cache for directory 'C:/Users/Raymond Lee/Desktop/New Game/GitKraken Clone PrisonRun/PrisonRunRepo/PrisonRunRepo/Prison_Run/Content/' took 0.09s
[2018.02.06-04.26.51:205][  0]LogCook: Display: Max memory allowance for cook 16384mb min free memory 0mb
[2018.02.06-04.26.51:222][  0]LogCook: Display: Mobile HDR setting 1
[2018.02.06-04.26.51:290][  0]LogGameplayTags: Display: UGameplayTagsManager::DoneAddingNativeTags. DelegateIsBound: 0
[2018.02.06-04.27.03:441][  0]SourceControl: Source control is disabled
[2018.02.06-04.27.03:910][  0]LightingResults: New page: Lighting Build
[2018.02.06-04.27.05:502][  0]MapCheck: New page: Map Check
[2018.02.06-04.27.05:502][  0]LightingResults: New page: Lighting Build
[2018.02.06-04.27.18:252][  0]LogMaterial: Missing cached shader map for material M_Sky_Panning_Clouds2, compiling. 
[2018.02.06-04.27.19:089][  0]LogStaticMesh: Building static mesh Floor_400x400...
[2018.02.06-04.27.19:431][  0]LogStaticMesh: Built static mesh [0.52s] /Game/StarterContent/Architecture/Floor_400x400.Floor_400x400
[2018.02.06-04.27.20:745][  0]LogMaterial: Missing cached shader map for material M_Metal_Brushed_Nickel, compiling. 
[2018.02.06-04.27.20:839][  0]LogMaterial: Missing cached shader map for material M_Metal_Burnished_Steel, compiling. 
[2018.02.06-04.27.20:955][  0]LogMaterial: Missing cached shader map for material M_Chair, compiling. 
[2018.02.06-04.27.21:052][  0]LogMaterial: Missing cached shader map for material M_Metal_Copper, compiling. 
[2018.02.06-04.27.21:340][  0]LogMaterial: Missing cached shader map for material M_Basic_Floor, compiling. 
[2018.02.06-04.27.21:474][  0]LogMaterial: Missing cached shader map for material M_StatueGlass, compiling. 
[2018.02.06-04.27.21:627][  0]LogMaterial: Missing cached shader map for material M_TableRound, compiling. 
[2018.02.06-04.27.21:714][  0]LogMaterial: Missing cached shader map for material M_Statue, compiling. 
[2018.02.06-04.27.22:045][  0]LogAIModule: Creating AISystem for world Minimal_Default
[2018.02.06-04.27.25:873][  0]LogEditorServer: Finished looking for orphan Actors (0.000 secs)
[2018.02.06-04.27.26:497][  0]Cmd: MAP CHECKDEP NOCLEARLOG
[2018.02.06-04.27.26:802][  0]MapCheck: Map check complete: 0 Error(s), 0 Warning(s), took 257.492ms to complete.
[2018.02.06-04.27.26:802][  0]LogFileHelpers: Loading map 'Minimal_Default' took 23.195
[2018.02.06-04.27.33:869][  0]LogCollectionManager: Loaded 0 collections in 0.004003 seconds
[2018.02.06-04.27.35:865][  0]LogFileCache: Scanning file cache for directory 'C:/Users/Raymond Lee/Desktop/New Game/GitKraken Clone PrisonRun/PrisonRunRepo/PrisonRunRepo/Prison_Run/Saved/Collections/' took 0.01s
[2018.02.06-04.27.35:866][  0]LogFileCache: Scanning file cache for directory 'C:/Users/Raymond Lee/Desktop/New Game/GitKraken Clone PrisonRun/PrisonRunRepo/PrisonRunRepo/Prison_Run/Content/Developers/RaymondLee/Collections/' took 0.01s
[2018.02.06-04.27.35:866][  0]LogFileCache: Scanning file cache for directory 'C:/Users/Raymond Lee/Desktop/New Game/GitKraken Clone PrisonRun/PrisonRunRepo/PrisonRunRepo/Prison_Run/Content/Collections/' took 0.01s
[2018.02.06-04.27.35:866][  0]LogCollectionManager: Rebuilt the GUID cache for 0 collections in 0.000000 seconds
[2018.02.06-04.27.36:042][  0]LogContentBrowser: Native class hierarchy populated in 0.0811 seconds. Added 2363 classes and 519 folders.
[2018.02.06-04.27.36:768][  0]LogContentBrowser: Native class hierarchy updated for 'WidgetCarousel' in 0.0005 seconds. Added 0 classes and 0 folders.
[2018.02.06-04.27.42:852][  0]LogContentBrowser: Native class hierarchy updated for 'AddContentDialog' in 0.0005 seconds. Added 0 classes and 0 folders.
[2018.02.06-04.27.46:509][  0]LogContentBrowser: Native class hierarchy updated for 'SceneOutliner' in 0.0005 seconds. Added 1 classes and 2 folders.
[2018.02.06-04.27.49:516][  0]LogSlate: Took 0.012413 seconds to synchronously load lazily loaded font '../../../Engine/Content/Slate/Fonts/Roboto-Regular.ttf' (155K)
[2018.02.06-04.27.49:570][  0]LogSlate: Took 0.012324 seconds to synchronously load lazily loaded font '../../../Engine/Content/Slate/Fonts/Roboto-Bold.ttf' (160K)
[2018.02.06-04.27.49:591][  0]LogSlate: Took 0.017947 seconds to synchronously load lazily loaded font '../../../Engine/Content/Editor/Slate/Fonts/FontAwesome.ttf' (139K)
[2018.02.06-04.27.50:794][  0]LogMaterial: Missing cached shader map for material LevelGridMaterial2, compiling. 
[2018.02.06-04.27.51:184][  0]LogRenderer: Reallocating scene render targets to support 832x612 Format 10 NumSamples 1 (Frame:1).
[2018.02.06-04.28.02:912][  0]LogContentBrowser: Native class hierarchy updated for 'HierarchicalLODOutliner' in 0.0005 seconds. Added 1 classes and 2 folders.
[2018.02.06-04.28.02:913][  0]LogLoad: (Engine Initialization) Total time: 294.23 seconds
[2018.02.06-04.28.02:913][  0]LogLoad: (Engine Initialization) Total Blueprint compile time: 0.00 seconds
[2018.02.06-04.28.02:924][  0]LogExternalProfiler: No external profilers were discovered.  External profiling features will not be available.
[2018.02.06-04.28.04:451][  0]LogContentStreaming: Texture pool size now 1000 MB
[2018.02.06-04.28.05:693][  1]LogSlate: Took 0.010836 seconds to synchronously load lazily loaded font '../../../Engine/Content/Slate/Fonts/Roboto-Light.ttf' (159K)
[2018.02.06-04.28.06:649][  4]LogAssetRegistry: Asset discovery search completed in 212.8913 seconds
[2018.02.06-04.28.06:696][  4]LogCollectionManager: Rebuilt the object cache for 0 collections in 0.000000 seconds (found 0 objects)
[2018.02.06-04.28.06:697][  4]LogCollectionManager: Fixed up redirectors for 0 collections in 0.019474 seconds (updated 0 objects)
[2018.02.06-04.36.21:779][253]LogFileManager: Warning: MoveFile was unable to move 'C:/Users/Raymond Lee/AppData/Local/Temp/UnrealShaderWorkingDir/E025B89744EF0FCF12B8B8978F5DB9AE/03B51B5164615400684FC5FB6EBAAC7BD' to 'C:/Users/Raymond Lee/AppData/Local/Temp/UnrealShaderWorkingDir/E025B89744EF0FCF12B8B8978F5DB9AE/0/WorkerInputOnly.in', retrying in .5s...
[2018.02.06-04.36.22:435][255]LogFileManager: Warning: MoveFile recovered during retry!
[2018.02.06-04.38.03:741][557]LogSlate: Took 0.018644 seconds to synchronously load lazily loaded font '../../../Engine/Content/Slate/Fonts/Roboto-Light.ttf' (159K)
[2018.02.06-04.38.03:773][557]LogSlate: Took 0.000722 seconds to synchronously load lazily loaded font '../../../Engine/Content/Slate/Fonts/Roboto-Light.ttf' (159K)
[2018.02.06-04.38.03:954][557]LogFileHelpers: Editor autosave (incl. sublevels) for '/Game/StarterContent/Maps/Minimal_Default' took 0.093
[2018.02.06-04.38.04:035][557]OBJ SavePackage: Generating thumbnails for [1] asset(s) in package [/Game/Mats/TestMat] ([1] browsable assets)...
[2018.02.06-04.38.04:191][557]OBJ SavePackage:     Rendered thumbnail for [Material /Game/Mats/TestMat.TestMat]
[2018.02.06-04.38.04:191][557]OBJ SavePackage: Finished generating thumbnails for package [/Game/Mats/TestMat]
[2018.02.06-04.38.04:420][557]LogSavePackage: Save=172.25ms
[2018.02.06-04.38.04:420][557]LogSavePackage: Moving '../../../../../../Users/Raymond Lee/Desktop/New Game/GitKraken Clone PrisonRun/PrisonRunRepo/PrisonRunRepo/Prison_Run/Saved/TestMat_Auto160C49BAC438F3E19CF5B979E848B88E8.tmp' to '../../../../../../Users/Raymond Lee/Desktop/New Game/GitKraken Clone PrisonRun/PrisonRunRepo/PrisonRunRepo/Prison_Run/Saved/Autosaves/Game/Mats/TestMat_Auto1.uasset'
[2018.02.06-04.38.04:464][557]LogSavePackage: Display: Finished SavePackage ../../../../../../Users/Raymond Lee/Desktop/New Game/GitKraken Clone PrisonRun/PrisonRunRepo/PrisonRunRepo/Prison_Run/Saved/Autosaves/Game/Mats/TestMat_Auto1.uasset
[2018.02.06-04.38.04:464][557]LogFileHelpers: Auto-saving content packages took 0.508
[2018.02.06-04.40.17:959][227]LogSavePackage: Save=32.73ms
[2018.02.06-04.40.17:959][227]LogSavePackage: Moving '../../../../../../Users/Raymond Lee/Desktop/New Game/GitKraken Clone PrisonRun/PrisonRunRepo/PrisonRunRepo/Prison_Run/Saved/TestMatE3C4E7054DFCD3D564EF9A96FAC8B632.tmp' to '../../../../../../Users/Raymond Lee/Desktop/New Game/GitKraken Clone PrisonRun/PrisonRunRepo/PrisonRunRepo/Prison_Run/Content/Mats/TestMat.uasset'
[2018.02.06-04.40.17:994][227]LogSavePackage: Display: Finished SavePackage ../../../../../../Users/Raymond Lee/Desktop/New Game/GitKraken Clone PrisonRun/PrisonRunRepo/PrisonRunRepo/Prison_Run/Content/Mats/TestMat.uasset
[2018.02.06-04.40.19:612][228]Cmd: QUIT_EDITOR
[2018.02.06-04.40.20:469][228]LogWindowsTextInputMethodSystem: Display: IME system now deactivated.
[2018.02.06-04.40.20:630][228]LogExit: Preparing to exit.
[2018.02.06-04.40.22:031][228]LogDirectoryWatcher: A directory notification for 'C:/Users/Raymond Lee/Desktop/New Game/GitKraken Clone PrisonRun/PrisonRunRepo/PrisonRunRepo/Prison_Run/Content/' was aborted.
[2018.02.06-04.40.22:481][228]LogExit: Editor shut down
[2018.02.06-04.40.22:566][228]LogExit: Transaction tracking system shut down
[2018.02.06-04.40.23:660][228]LogDirectoryWatcher: A directory notification for '../../../Engine/Content/' was aborted.
[2018.02.06-04.40.23:662][228]LogDirectoryWatcher: A directory notification for '../../../../../../Users/Raymond Lee/Desktop/New Game/GitKraken Clone PrisonRun/PrisonRunRepo/PrisonRunRepo/Prison_Run/Content/' was aborted.
[2018.02.06-04.40.23:662][228]LogDirectoryWatcher: A directory notification for '../../../Engine/Plugins/2D/Paper2D/Content/' was aborted.
[2018.02.06-04.40.23:662][228]LogDirectoryWatcher: A directory notification for '../../../Engine/Plugins/Media/MediaCompositing/Content/' was aborted.
[2018.02.06-04.40.23:662][228]LogDirectoryWatcher: A directory notification for '../../../Engine/Plugins/Runtime/AppleARKit/Content/' was aborted.
[2018.02.06-04.40.23:663][228]LogDirectoryWatcher: A directory notification for '../../../Engine/Plugins/Runtime/Oculus/OculusVR/Content/' was aborted.
[2018.02.06-04.40.23:663][228]LogDirectoryWatcher: A directory notification for '../../../Engine/Plugins/Runtime/Steam/SteamVR/Content/' was aborted.
[2018.02.06-04.40.26:461][228]LogExit: Object subsystem successfully closed.
[2018.02.06-04.40.26:698][228]LogD3D11RHI: Shutdown
[2018.02.06-04.40.26:719][228]LogD3D11RHI: CleanupD3DDevice
[2018.02.06-04.40.26:769][228]LogD3D11RHI: ~FD3D11DynamicRHI
[2018.02.06-04.40.28:277][228]LogModuleManager: Shutting down and abandoning module HierarchicalLODOutliner (548)
[2018.02.06-04.40.28:277][228]LogModuleManager: Shutting down and abandoning module SceneOutliner (546)
[2018.02.06-04.40.28:290][228]LogModuleManager: Shutting down and abandoning module AddContentDialog (544)
[2018.02.06-04.40.28:318][228]LogDirectoryWatcher: A directory notification for 'C:/Program Files/Epic Games/UE_4.18/FeaturePacks/' was aborted.
[2018.02.06-04.40.28:328][228]LogModuleManager: Shutting down and abandoning module WidgetCarousel (543)
[2018.02.06-04.40.28:328][228]LogModuleManager: Shutting down and abandoning module EditorWidgets (540)
[2018.02.06-04.40.28:328][228]LogModuleManager: Shutting down and abandoning module CollectionManager (538)
[2018.02.06-04.40.28:340][228]LogDirectoryWatcher: A directory notification for 'C:/Users/Raymond Lee/Desktop/New Game/GitKraken Clone PrisonRun/PrisonRunRepo/PrisonRunRepo/Prison_Run/Content/Collections/' was aborted.
[2018.02.06-04.40.28:340][228]LogDirectoryWatcher: A directory notification for 'C:/Users/Raymond Lee/Desktop/New Game/GitKraken Clone PrisonRun/PrisonRunRepo/PrisonRunRepo/Prison_Run/Content/Developers/RaymondLee/Collections/' was aborted.
[2018.02.06-04.40.28:340][228]LogDirectoryWatcher: A directory notification for 'C:/Users/Raymond Lee/Desktop/New Game/GitKraken Clone PrisonRun/PrisonRunRepo/PrisonRunRepo/Prison_Run/Saved/Collections/' was aborted.
[2018.02.06-04.40.28:341][228]LogModuleManager: Shutting down and abandoning module StatsViewer (536)
[2018.02.06-04.40.28:355][228]LogModuleManager: Shutting down and abandoning module FoliageEdit (534)
[2018.02.06-04.40.28:376][228]LogModuleManager: Shutting down and abandoning module LandscapeEditor (532)
[2018.02.06-04.40.28:418][228]LogModuleManager: Shutting down and abandoning module MeshPaintMode (530)
[2018.02.06-04.40.28:433][228]LogModuleManager: Shutting down and abandoning module SceneDepthPickerMode (528)
[2018.02.06-04.40.28:433][228]LogModuleManager: Shutting down and abandoning module ActorPickerMode (526)
[2018.02.06-04.40.28:433][228]LogModuleManager: Shutting down and abandoning module GeometryMode (524)
[2018.02.06-04.40.28:434][228]LogModuleManager: Shutting down and abandoning module TextureAlignMode (522)
[2018.02.06-04.40.28:434][228]LogModuleManager: Shutting down and abandoning module BspMode (520)
[2018.02.06-04.40.28:434][228]LogModuleManager: Shutting down and abandoning module PIEPreviewDeviceProfileSelector (518)
[2018.02.06-04.40.28:434][228]LogModuleManager: Shutting down and abandoning module HardwareSurvey (516)
[2018.02.06-04.40.28:434][228]LogModuleManager: Shutting down and abandoning module SequenceRecorderSections (514)
[2018.02.06-04.40.28:452][228]LogModuleManager: Shutting down and abandoning module AutomationWorker (512)
[2018.02.06-04.40.28:461][228]LogModuleManager: Shutting down and abandoning module MatineeToLevelSequence (510)
[2018.02.06-04.40.28:507][228]LogModuleManager: Shutting down and abandoning module LevelSequenceEditor (508)
[2018.02.06-04.40.28:535][228]LogModuleManager: Shutting down and abandoning module PlacementMode (507)
[2018.02.06-04.40.28:535][228]LogModuleManager: Shutting down and abandoning module WmfMediaFactory (504)
[2018.02.06-04.40.28:535][228]LogModuleManager: Shutting down and abandoning module WmfMediaEditor (502)
[2018.02.06-04.40.28:535][228]LogModuleManager: Shutting down and abandoning module OpenExrWrapper (500)
[2018.02.06-04.40.28:535][228]LogModuleManager: Shutting down and abandoning module ImgMediaFactory (498)
[2018.02.06-04.40.28:535][228]LogModuleManager: Shutting down and abandoning module ImgMediaEditor (496)
[2018.02.06-04.40.28:535][228]LogModuleManager: Shutting down and abandoning module AvfMediaFactory (494)
[2018.02.06-04.40.28:535][228]LogModuleManager: Shutting down and abandoning module AvfMediaEditor (492)
[2018.02.06-04.40.28:535][228]LogModuleManager: Shutting down and abandoning module AndroidMediaFactory (490)
[2018.02.06-04.40.28:535][228]LogModuleManager: Shutting down and abandoning module AndroidMediaEditor (488)
[2018.02.06-04.40.28:535][228]LogModuleManager: Shutting down and abandoning module CharacterAI (486)
[2018.02.06-04.40.28:536][228]LogModuleManager: Shutting down and abandoning module AudioCapture (484)
[2018.02.06-04.40.28:548][228]LogModuleManager: Shutting down and abandoning module SequenceRecorder (483)
[2018.02.06-04.40.28:549][228]LogModuleManager: Shutting down and abandoning module SmartSnapping (480)
[2018.02.06-04.40.28:549][228]LogModuleManager: Shutting down and abandoning module SessionServices (478)
[2018.02.06-04.40.28:549][228]LogModuleManager: Shutting down and abandoning module ViewportSnapping (476)
[2018.02.06-04.40.28:549][228]LogModuleManager: Shutting down and abandoning module ViewportInteraction (474)
[2018.02.06-04.40.28:549][228]LogModuleManager: Shutting down and abandoning module ClothPainter (472)
[2018.02.06-04.40.28:577][228]LogModuleManager: Shutting down and abandoning module SkeletalMeshEditor (471)
[2018.02.06-04.40.28:595][228]LogModuleManager: Shutting down and abandoning module LogVisualizer (468)
[2018.02.06-04.40.28:619][228]LogModuleManager: Shutting down and abandoning module IntroTutorials (466)
[2018.02.06-04.40.28:673][228]LogModuleManager: Shutting down and abandoning module GameProjectGeneration (465)
[2018.02.06-04.40.28:708][228]LogModuleManager: Shutting down and abandoning module IOSPlatformEditor (462)
[2018.02.06-04.40.28:708][228]LogModuleManager: Shutting down and abandoning module HTML5PlatformEditor (460)
[2018.02.06-04.40.28:708][228]LogModuleManager: Shutting down and abandoning module AndroidPlatformEditor (458)
[2018.02.06-04.40.28:708][228]LogModuleManager: Shutting down and abandoning module AndroidDeviceDetection (457)
[2018.02.06-04.40.29:455][228]LogModuleManager: Shutting down and abandoning module WindowsPlatformEditor (454)
[2018.02.06-04.40.29:457][228]LogModuleManager: Shutting down and abandoning module IOSRuntimeSettings (452)
[2018.02.06-04.40.29:457][228]LogModuleManager: Shutting down and abandoning module AndroidRuntimeSettings (450)
[2018.02.06-04.40.29:457][228]LogModuleManager: Shutting down and abandoning module InputBindingEditor (448)
[2018.02.06-04.40.29:473][228]LogModuleManager: Shutting down and abandoning module MergeActors (446)
[2018.02.06-04.40.29:492][228]LogModuleManager: Shutting down and abandoning module SizeMap (444)
[2018.02.06-04.40.29:492][228]LogModuleManager: Shutting down and abandoning module TreeMap (442)
[2018.02.06-04.40.29:513][228]LogModuleManager: Shutting down and abandoning module ReferenceViewer (440)
[2018.02.06-04.40.29:513][228]LogModuleManager: Shutting down and abandoning module LocalizationDashboard (438)
[2018.02.06-04.40.29:529][228]LogModuleManager: Shutting down and abandoning module LocalizationService (437)
[2018.02.06-04.40.29:538][228]LogModuleManager: Shutting down and abandoning module HardwareTargeting (434)
[2018.02.06-04.40.29:538][228]LogModuleManager: Shutting down and abandoning module DeviceProfileEditor (432)
[2018.02.06-04.40.29:538][228]LogModuleManager: Shutting down and abandoning module UndoHistory (430)
[2018.02.06-04.40.29:538][228]LogModuleManager: Shutting down and abandoning module XmlParser (428)
[2018.02.06-04.40.29:544][228]LogModuleManager: Shutting down and abandoning module Blutility (426)
[2018.02.06-04.40.29:544][228]LogModuleManager: Shutting down and abandoning module ProjectSettingsViewer (424)
[2018.02.06-04.40.29:545][228]LogModuleManager: Shutting down and abandoning module ProjectTargetPlatformEditor (423)
[2018.02.06-04.40.29:545][228]LogModuleManager: Shutting down and abandoning module EditorSettingsViewer (420)
[2018.02.06-04.40.29:545][228]LogModuleManager: Shutting down and abandoning module SettingsEditor (418)
[2018.02.06-04.40.29:554][228]LogModuleManager: Shutting down and abandoning module ProjectLauncher (416)
[2018.02.06-04.40.29:580][228]LogModuleManager: Shutting down and abandoning module SessionFrontend (414)
[2018.02.06-04.40.29:602][228]LogModuleManager: Shutting down and abandoning module ProfilerClient (412)
[2018.02.06-04.40.29:611][228]LogModuleManager: Shutting down and abandoning module DeviceManager (410)
[2018.02.06-04.40.29:617][228]LogModuleManager: Shutting down and abandoning module TargetDeviceServices (409)
[2018.02.06-04.40.29:683][228]LogModuleManager: Shutting down and abandoning module AutomationController (406)
[2018.02.06-04.40.29:704][228]LogModuleManager: Shutting down and abandoning module AutomationWindow (404)
[2018.02.06-04.40.29:716][228]LogModuleManager: Shutting down and abandoning module Layers (402)
[2018.02.06-04.40.29:733][228]LogModuleManager: Shutting down and abandoning module ComponentVisualizers (400)
[2018.02.06-04.40.29:733][228]LogModuleManager: Shutting down and abandoning module DetailCustomizations (398)
[2018.02.06-04.40.29:755][228]LogModuleManager: Shutting down and abandoning module PackagesDialog (396)
[2018.02.06-04.40.29:757][228]LogModuleManager: Shutting down and abandoning module Persona (394)
[2018.02.06-04.40.29:798][228]LogModuleManager: Shutting down and abandoning module AdvancedPreviewScene (393)
[2018.02.06-04.40.29:798][228]LogModuleManager: Shutting down and abandoning module AnimGraph (391)
[2018.02.06-04.40.29:798][228]LogModuleManager: Shutting down and abandoning module Kismet (388)
[2018.02.06-04.40.29:820][228]LogModuleManager: Shutting down and abandoning module ClassViewer (386)
[2018.02.06-04.40.29:820][228]LogModuleManager: Shutting down and abandoning module Toolbox (384)
[2018.02.06-04.40.29:820][228]LogModuleManager: Shutting down and abandoning module ModuleUI (382)
[2018.02.06-04.40.29:837][228]LogModuleManager: Shutting down and abandoning module MovieSceneTools (380)
[2018.02.06-04.40.29:873][228]LogModuleManager: Shutting down and abandoning module OutputLog (378)
[2018.02.06-04.40.29:884][228]LogModuleManager: Shutting down and abandoning module GammaUI (376)
[2018.02.06-04.40.29:901][228]LogModuleManager: Shutting down and abandoning module Documentation (374)
[2018.02.06-04.40.29:901][228]LogModuleManager: Shutting down and abandoning module MovieSceneTracks (372)
[2018.02.06-04.40.29:901][228]LogModuleManager: Shutting down and abandoning module MovieScene (370)
[2018.02.06-04.40.29:901][228]LogModuleManager: Shutting down and abandoning module StreamingPauseRendering (368)
[2018.02.06-04.40.29:901][228]LogModuleManager: Shutting down and abandoning module LauncherPlatform (366)
[2018.02.06-04.40.29:902][228]LogModuleManager: Shutting down and abandoning module AnalyticsET (364)
[2018.02.06-04.40.29:902][228]LogModuleManager: Shutting down and abandoning module PortalServices (362)
[2018.02.06-04.40.29:902][228]LogModuleManager: Shutting down and abandoning module PortalRpc (360)
[2018.02.06-04.40.29:902][228]LogModuleManager: Shutting down and abandoning module MessagingRpc (358)
[2018.02.06-04.40.29:902][228]LogModuleManager: Shutting down and abandoning module AIModule (356)
[2018.02.06-04.40.29:902][228]LogModuleManager: Shutting down and abandoning module GameplayDebugger (355)
[2018.02.06-04.40.29:915][228]LogModuleManager: Shutting down and abandoning module AITestSuite (353)
[2018.02.06-04.40.29:929][228]LogModuleManager: Shutting down and abandoning module DesktopPlatform (350)
[2018.02.06-04.40.29:929][228]LogModuleManager: Shutting down and abandoning module ProfilerService (348)
[2018.02.06-04.40.30:181][228]LogModuleManager: Shutting down and abandoning module TaskGraph (346)
[2018.02.06-04.40.30:196][228]LogModuleManager: Shutting down and abandoning module SteamVRController (344)
[2018.02.06-04.40.30:196][228]LogModuleManager: Shutting down and abandoning module ProceduralMeshComponentEditor (342)
[2018.02.06-04.40.30:196][228]LogModuleManager: Shutting down and abandoning module ProceduralMeshComponent (340)
[2018.02.06-04.40.30:213][228]LogModuleManager: Shutting down and abandoning module OculusInput (338)
[2018.02.06-04.40.30:229][228]LogModuleManager: Shutting down and abandoning module MobilePatchingUtils (336)
[2018.02.06-04.40.30:229][228]LogModuleManager: Shutting down and abandoning module CustomMeshComponent (334)
[2018.02.06-04.40.30:229][228]LogModuleManager: Shutting down and abandoning module CableComponent (332)
[2018.02.06-04.40.30:240][228]LogModuleManager: Shutting down and abandoning module ArchVisCharacter (330)
[2018.02.06-04.40.30:241][228]LogModuleManager: Shutting down and abandoning module AndroidPermission (328)
[2018.02.06-04.40.30:241][228]LogModuleManager: Shutting down and abandoning module ActorSequence (324)
[2018.02.06-04.40.30:241][228]LogModuleManager: Shutting down and abandoning module MediaPlayerEditor (322)
[2018.02.06-04.40.30:281][228]LogModuleManager: Shutting down and abandoning module MediaCompositingEditor (320)
[2018.02.06-04.40.30:281][228]LogModuleManager: Shutting down and abandoning module MediaCompositing (318)
[2018.02.06-04.40.30:281][228]LogModuleManager: Shutting down and abandoning module HTML5Networking (316)
[2018.02.06-04.40.30:281][228]LogModuleManager: Shutting down and abandoning module AlembicImporter (314)
[2018.02.06-04.40.30:296][228]LogModuleManager: Shutting down and abandoning module AlembicLibrary (313)
[2018.02.06-04.40.30:296][228]LogModuleManager: Shutting down and abandoning module GeometryCache (312)
[2018.02.06-04.40.30:313][228]LogModuleManager: Shutting down and abandoning module GeometryCacheEd (311)
[2018.02.06-04.40.30:313][228]LogModuleManager: Shutting down and abandoning module SpeedTreeImporter (306)
[2018.02.06-04.40.30:313][228]LogModuleManager: Shutting down and abandoning module PluginBrowser (304)
[2018.02.06-04.40.30:345][228]LogModuleManager: Shutting down and abandoning module MobileLauncherProfileWizard (302)
[2018.02.06-04.40.30:360][228]LogModuleManager: Shutting down and abandoning module VisualStudioSourceCodeAccess (300)
[2018.02.06-04.40.30:360][228]LogModuleManager: Shutting down and abandoning module VisualStudioCodeSourceCodeAccess (298)
[2018.02.06-04.40.30:361][228]LogModuleManager: Shutting down and abandoning module UObjectPlugin (296)
[2018.02.06-04.40.30:361][228]LogModuleManager: Shutting down and abandoning module SubversionSourceControl (294)
[2018.02.06-04.40.30:442][228]LogModuleManager: Shutting down and abandoning module PerforceSourceControl (292)
[2018.02.06-04.40.30:518][228]LogModuleManager: Shutting down and abandoning module GitSourceControl (290)
[2018.02.06-04.40.30:603][228]LogModuleManager: Shutting down and abandoning module SourceControl (289)
[2018.02.06-04.40.30:666][228]LogModuleManager: Shutting down and abandoning module LightPropagationVolumeEditor (286)
[2018.02.06-04.40.30:666][228]LogModuleManager: Shutting down and abandoning module PaperTiledImporter (284)
[2018.02.06-04.40.30:666][228]LogModuleManager: Shutting down and abandoning module PaperSpriteSheetImporter (282)
[2018.02.06-04.40.30:666][228]LogModuleManager: Shutting down and abandoning module Paper2DEditor (280)
[2018.02.06-04.40.30:693][228]LogModuleManager: Shutting down and abandoning module MeshPaint (279)
[2018.02.06-04.40.30:710][228]LogModuleManager: Shutting down and abandoning module LevelEditor (277)
[2018.02.06-04.40.30:742][228]LogModuleManager: Shutting down and abandoning module PixelInspectorModule (276)
[2018.02.06-04.40.30:750][228]LogModuleManager: Shutting down and abandoning module MainFrame (274)
[2018.02.06-04.40.30:771][228]LogModuleManager: Shutting down and abandoning module HotReload (273)
[2018.02.06-04.40.30:792][228]LogModuleManager: Shutting down and abandoning module RuntimePhysXCooking (268)
[2018.02.06-04.40.30:793][228]LogModuleManager: Shutting down and abandoning module PhysXVehiclesEditor (266)
[2018.02.06-04.40.30:793][228]LogModuleManager: Shutting down and abandoning module PhysXVehicles (264)
[2018.02.06-04.40.30:793][228]LogModuleManager: Shutting down and abandoning module OculusEditor (262)
[2018.02.06-04.40.30:793][228]LogModuleManager: Shutting down and abandoning module LocationServicesBPLibrary (260)
[2018.02.06-04.40.30:793][228]LogModuleManager: Shutting down and abandoning module ImmediatePhysicsEditor (258)
[2018.02.06-04.40.30:793][228]LogModuleManager: Shutting down and abandoning module ImmediatePhysics (256)
[2018.02.06-04.40.30:810][228]LogModuleManager: Shutting down and abandoning module UdpMessaging (254)
[2018.02.06-04.40.31:063][228]LogModuleManager: Shutting down and abandoning module TcpMessaging (252)
[2018.02.06-04.40.31:182][228]LogModuleManager: Shutting down and abandoning module GameplayTagsEditor (250)
[2018.02.06-04.40.31:227][228]LogModuleManager: Shutting down and abandoning module FacialAnimationEditor (248)
[2018.02.06-04.40.31:227][228]LogModuleManager: Shutting down and abandoning module FacialAnimation (246)
[2018.02.06-04.40.31:228][228]LogModuleManager: Shutting down and abandoning module AssetManagerEditor (244)
[2018.02.06-04.40.31:241][228]LogModuleManager: Shutting down and abandoning module GraphEditor (243)
[2018.02.06-04.40.31:277][228]LogModuleManager: Shutting down and abandoning module ContentBrowser (241)
[2018.02.06-04.40.31:279][228]LogModuleManager: Shutting down and abandoning module LightPropagationVolumeRuntime (238)
[2018.02.06-04.40.31:279][228]LogModuleManager: Shutting down and abandoning module Paper2D (236)
[2018.02.06-04.40.31:279][228]LogModuleManager: Shutting down and abandoning module WindowsMoviePlayer (234)
[2018.02.06-04.40.31:296][228]LogModuleManager: Shutting down and abandoning module WmfMedia (232)
[2018.02.06-04.40.31:308][228]LogModuleManager: Shutting down and abandoning module ImgMedia (230)
[2018.02.06-04.40.31:308][228]LogModuleManager: Shutting down and abandoning module PacketHandler (228)
[2018.02.06-04.40.31:308][228]LogModuleManager: Shutting down and abandoning module ClothingSystemEditor (226)
[2018.02.06-04.40.31:308][228]LogModuleManager: Shutting down and abandoning module ClothingSystemRuntime (224)
[2018.02.06-04.40.31:319][228]LogModuleManager: Shutting down and abandoning module MediaAssets (222)
[2018.02.06-04.40.31:319][228]LogModuleManager: Shutting down and abandoning module Media (221)
[2018.02.06-04.40.31:327][228]LogModuleManager: Shutting down and abandoning module Overlay (218)
[2018.02.06-04.40.31:327][228]LogModuleManager: Shutting down and abandoning module OverlayEditor (217)
[2018.02.06-04.40.31:327][228]LogModuleManager: Shutting down and abandoning module VREditor (214)
[2018.02.06-04.40.31:348][228]LogModuleManager: Shutting down and abandoning module StringTableEditor (212)
[2018.02.06-04.40.31:360][228]LogModuleManager: Shutting down and abandoning module GameplayTasksEditor (210)
[2018.02.06-04.40.31:360][228]LogModuleManager: Shutting down and abandoning module BehaviorTreeEditor (208)
[2018.02.06-04.40.31:391][228]LogModuleManager: Shutting down and abandoning module FunctionalTesting (206)
[2018.02.06-04.40.31:403][228]LogModuleManager: Shutting down and abandoning module CollisionAnalyzer (204)
[2018.02.06-04.40.31:418][228]LogModuleManager: Shutting down and abandoning module WorkspaceMenuStructure (203)
[2018.02.06-04.40.31:418][228]LogModuleManager: Shutting down and abandoning module UMG (200)
[2018.02.06-04.40.31:431][228]LogModuleManager: Shutting down and abandoning module UMGEditor (199)
[2018.02.06-04.40.31:462][228]LogModuleManager: Shutting down and abandoning module Sequencer (198)
[2018.02.06-04.40.31:517][228]LogModuleManager: Shutting down and abandoning module MessageLog (195)
[2018.02.06-04.40.31:517][228]LogModuleManager: Shutting down and abandoning module SlateReflector (190)
[2018.02.06-04.40.31:552][228]LogModuleManager: Shutting down and abandoning module Slate (188)
[2018.02.06-04.40.31:552][228]LogModuleManager: Shutting down and abandoning module EditorStyle (186)
[2018.02.06-04.40.31:562][228]LogModuleManager: Shutting down and abandoning module MRMesh (184)
[2018.02.06-04.40.31:562][228]LogModuleManager: Shutting down and abandoning module SourceCodeAccess (182)
[2018.02.06-04.40.31:562][228]LogModuleManager: Shutting down and abandoning module HeadMountedDisplay (180)
[2018.02.06-04.40.31:563][228]LogModuleManager: Shutting down and abandoning module XAudio2 (178)
[2018.02.06-04.40.31:563][228]LogModuleManager: Shutting down and abandoning module Networking (176)
[2018.02.06-04.40.31:563][228]LogModuleManager: Shutting down and abandoning module Core (172)
[2018.02.06-04.40.31:563][228]LogModuleManager: Shutting down and abandoning module LevelSequence (168)
[2018.02.06-04.40.31:575][228]LogModuleManager: Shutting down and abandoning module DirectoryWatcher (166)
[2018.02.06-04.40.31:688][228]LogModuleManager: Shutting down and abandoning module KismetCompiler (164)
[2018.02.06-04.40.31:690][228]LogModuleManager: Shutting down and abandoning module MeshUtilities (162)
[2018.02.06-04.40.31:728][228]LogModuleManager: Shutting down and abandoning module MeshMergeUtilities (161)
[2018.02.06-04.40.31:748][228]LogModuleManager: Shutting down and abandoning module MeshReductionInterface (160)
[2018.02.06-04.40.31:748][228]LogModuleManager: Shutting down and abandoning module SimplygonSwarm (159)
[2018.02.06-04.40.31:764][228]LogModuleManager: Shutting down and abandoning module SimplygonMeshReduction (157)
[2018.02.06-04.40.31:764][228]LogModuleManager: Shutting down and abandoning module QuadricMeshReduction (155)
[2018.02.06-04.40.31:782][228]LogModuleManager: Shutting down and abandoning module MaterialBaking (151)
[2018.02.06-04.40.31:797][228]LogModuleManager: Shutting down and abandoning module DerivedDataCache (148)
[2018.02.06-04.40.31:930][228]LogDerivedDataCache: Shutdown
[2018.02.06-04.40.31:930][228]LogModuleManager: Shutting down and abandoning module TargetPlatform (146)
[2018.02.06-04.40.31:930][228]LogModuleManager: Shutting down and abandoning module VulkanShaderFormat (145)
[2018.02.06-04.40.31:942][228]LogModuleManager: Shutting down and abandoning module ShaderFormatVectorVM (143)
[2018.02.06-04.40.31:953][228]LogModuleManager: Shutting down and abandoning module ShaderFormatOpenGL (141)
[2018.02.06-04.40.31:967][228]LogModuleManager: Shutting down and abandoning module ShaderFormatD3D (139)
[2018.02.06-04.40.31:988][228]LogModuleManager: Shutting down and abandoning module MetalShaderFormat (137)
[2018.02.06-04.40.32:015][228]LogModuleManager: Shutting down and abandoning module TextureFormatUncompressed (135)
[2018.02.06-04.40.32:016][228]LogModuleManager: Shutting down and abandoning module TextureFormatPVR (133)
[2018.02.06-04.40.32:016][228]LogModuleManager: Shutting down and abandoning module TextureFormatDXT (131)
[2018.02.06-04.40.32:030][228]LogModuleManager: Shutting down and abandoning module TextureFormatIntelISPCTexComp (129)
[2018.02.06-04.40.32:042][228]LogModuleManager: Shutting down and abandoning module TextureFormatASTC (127)
[2018.02.06-04.40.32:042][228]LogModuleManager: Shutting down and abandoning module ImageWrapper (126)
[2018.02.06-04.40.32:042][228]LogModuleManager: Shutting down and abandoning module TextureFormatAndroid (123)
[2018.02.06-04.40.32:042][228]LogModuleManager: Shutting down and abandoning module AudioFormatOpus (121)
[2018.02.06-04.40.32:043][228]LogModuleManager: Shutting down and abandoning module AudioFormatOgg (119)
[2018.02.06-04.40.32:043][228]LogModuleManager: Shutting down and abandoning module AudioFormatADPCM (117)
[2018.02.06-04.40.32:043][228]LogModuleManager: Shutting down and abandoning module LinuxTargetPlatform (115)
[2018.02.06-04.40.32:043][228]LogModuleManager: Shutting down and abandoning module LinuxServerTargetPlatform (113)
[2018.02.06-04.40.32:043][228]LogModuleManager: Shutting down and abandoning module LinuxNoEditorTargetPlatform (111)
[2018.02.06-04.40.32:044][228]LogModuleManager: Shutting down and abandoning module LinuxClientTargetPlatform (109)
[2018.02.06-04.40.32:044][228]LogModuleManager: Shutting down and abandoning module TVOSTargetPlatform (107)
[2018.02.06-04.40.32:044][228]LogModuleManager: Shutting down and abandoning module Messaging (105)
[2018.02.06-04.40.32:044][228]LogModuleManager: Shutting down and abandoning module IOSTargetPlatform (103)
[2018.02.06-04.40.32:044][228]LogModuleManager: Shutting down and abandoning module HTML5TargetPlatform (101)
[2018.02.06-04.40.32:044][228]LogModuleManager: Shutting down and abandoning module AndroidTargetPlatform (99)
[2018.02.06-04.40.32:044][228]LogModuleManager: Shutting down and abandoning module Android_PVRTCTargetPlatform (97)
[2018.02.06-04.40.32:045][228]LogModuleManager: Shutting down and abandoning module Android_MultiTargetPlatform (95)
[2018.02.06-04.40.32:045][228]LogModuleManager: Shutting down and abandoning module Android_ETC2TargetPlatform (93)
[2018.02.06-04.40.32:045][228]LogModuleManager: Shutting down and abandoning module Android_ETC1TargetPlatform (91)
[2018.02.06-04.40.32:045][228]LogModuleManager: Shutting down and abandoning module Android_DXTTargetPlatform (89)
[2018.02.06-04.40.32:045][228]LogModuleManager: Shutting down and abandoning module Android_ATCTargetPlatform (87)
[2018.02.06-04.40.32:046][228]LogModuleManager: Shutting down and abandoning module Android_ASTCTargetPlatform (85)
[2018.02.06-04.40.32:046][228]LogModuleManager: Shutting down and abandoning module WindowsTargetPlatform (83)
[2018.02.06-04.40.32:046][228]LogModuleManager: Shutting down and abandoning module WindowsServerTargetPlatform (81)
[2018.02.06-04.40.32:046][228]LogModuleManager: Shutting down and abandoning module WindowsNoEditorTargetPlatform (79)
[2018.02.06-04.40.32:046][228]LogModuleManager: Shutting down and abandoning module WindowsClientTargetPlatform (77)
[2018.02.06-04.40.32:046][228]LogModuleManager: Shutting down and abandoning module MacTargetPlatform (75)
[2018.02.06-04.40.32:047][228]LogModuleManager: Shutting down and abandoning module MacServerTargetPlatform (73)
[2018.02.06-04.40.32:047][228]LogModuleManager: Shutting down and abandoning module MacNoEditorTargetPlatform (71)
[2018.02.06-04.40.32:047][228]LogModuleManager: Shutting down and abandoning module MacClientTargetPlatform (69)
[2018.02.06-04.40.32:047][228]LogModuleManager: Shutting down and abandoning module AllDesktopTargetPlatform (67)
[2018.02.06-04.40.32:047][228]LogModuleManager: Shutting down and abandoning module InputCore (64)
[2018.02.06-04.40.32:047][228]LogModuleManager: Shutting down and abandoning module Settings (62)
[2018.02.06-04.40.32:047][228]LogModuleManager: Shutting down and abandoning module PhysXCooking (60)
[2018.02.06-04.40.32:047][228]LogModuleManager: Shutting down and abandoning module SteamVR (58)
[2018.02.06-04.40.32:047][228]LogModuleManager: Shutting down and abandoning module OculusHMD (56)
[2018.02.06-04.40.32:070][228]LogModuleManager: Shutting down and abandoning module ExampleDeviceProfileSelector (54)
[2018.02.06-04.40.32:071][228]LogModuleManager: Shutting down and abandoning module AppleARKit (52)
[2018.02.06-04.40.32:071][228]LogModuleManager: Shutting down and abandoning module AugmentedReality (51)
[2018.02.06-04.40.32:071][228]LogModuleManager: Shutting down and abandoning module OnlineBlueprintSupport (48)
[2018.02.06-04.40.32:071][228]LogModuleManager: Shutting down and abandoning module OnlineSubsystem (44)
[2018.02.06-04.40.32:102][228]LogModuleManager: Shutting down and abandoning module XMPP (43)
[2018.02.06-04.40.32:117][228]LogModuleManager: Shutting down and abandoning module HTTP (41)
[2018.02.06-04.40.32:117][228]LogHttp: Display: Http module shutting down, but needs to wait on 1 outstanding Http requests:
[2018.02.06-04.40.32:133][228]LogHttp: Display: 	verb=[POST] url=[https://datarouter.ol.epicgames.com/datarouter/api/v1/public/data?SessionID=%7B008663D8-4A8C-3A04-9EB5-A3911462EBEF%7D&AppID=UEEditor.Rocket.Release&AppVersion=4.18.2-3794801%2B%2B%2BUE4%2BRelease-4.18&UserID=1d3c81c24b1f33c83bc1bfba17ce71c1%7C64c82d04ec62450c99f9dff8ea4dc166%7C6a004202-7fe0-4cd5-8855-8cc5c99a2e2f&AppEnvironment=datacollector-binary&UploadType=eteventstream] status=Processing
[2018.02.06-04.40.32:170][228]LogModuleManager: Shutting down and abandoning module SSL (40)
[2018.02.06-04.40.32:208][228]LogModuleManager: Shutting down and abandoning module AnimationModifiers (36)
[2018.02.06-04.40.32:235][228]LogModuleManager: Shutting down and abandoning module PropertyEditor (35)
[2018.02.06-04.40.32:235][228]LogModuleManager: Shutting down and abandoning module AudioEditor (32)
[2018.02.06-04.40.32:287][228]LogModuleManager: Shutting down and abandoning module TextureCompressor (30)
[2018.02.06-04.40.32:358][228]LogModuleManager: Shutting down and abandoning module ShaderCore (28)
[2018.02.06-04.40.32:358][228]LogModuleManager: Shutting down and abandoning module Landscape (26)
[2018.02.06-04.40.32:358][228]LogModuleManager: Shutting down and abandoning module SlateRHIRenderer (24)
[2018.02.06-04.40.32:376][228]LogModuleManager: Shutting down and abandoning module OpenGLDrv (22)
[2018.02.06-04.40.32:391][228]LogModuleManager: Shutting down and abandoning module D3D11RHI (20)
[2018.02.06-04.40.32:391][228]LogModuleManager: Shutting down and abandoning module AnimGraphRuntime (18)
[2018.02.06-04.40.32:404][228]LogModuleManager: Shutting down and abandoning module Renderer (16)
[2018.02.06-04.40.32:404][228]LogModuleManager: Shutting down and abandoning module Engine (14)
[2018.02.06-04.40.32:417][228]LogModuleManager: Shutting down and abandoning module CoreUObject (12)
[2018.02.06-04.40.32:417][228]LogModuleManager: Shutting down and abandoning module NetworkFile (10)
[2018.02.06-04.40.32:434][228]LogModuleManager: Shutting down and abandoning module CookedIterativeFile (8)
[2018.02.06-04.40.32:434][228]LogModuleManager: Shutting down and abandoning module StreamingFile (6)
[2018.02.06-04.40.32:444][228]LogModuleManager: Shutting down and abandoning module SandboxFile (4)
[2018.02.06-04.40.32:475][228]LogModuleManager: Shutting down and abandoning module PakFile (2)
[2018.02.06-04.40.32:575][228]LogExit: Exiting.
[2018.02.06-04.40.32:616][228]Log file closed, 02/06/18 12:40:32
